[0.103s] Invoking command in '/ros2_ws/build/interfaces': CMAKE_PREFIX_PATH=/ros2_ws/install/tracking_sub:/opt/ros/humble /usr/bin/cmake /ros2_ws/src/interfaces -DCMAKE_INSTALL_PREFIX=/ros2_ws/install/interfaces
[0.157s] -- Found ament_cmake: 1.3.5 (/opt/ros/humble/share/ament_cmake/cmake)
[0.779s] -- Found rosidl_default_generators: 1.2.0 (/opt/ros/humble/share/rosidl_default_generators/cmake)
[0.786s] -- Using all available rosidl_typesupport_c: rosidl_typesupport_fastrtps_c;rosidl_typesupport_introspection_c
[0.798s] -- Found rosidl_adapter: 3.1.4 (/opt/ros/humble/share/rosidl_adapter/cmake)
[0.920s] -- Using all available rosidl_typesupport_cpp: rosidl_typesupport_fastrtps_cpp;rosidl_typesupport_introspection_cpp
[2.113s] -- Found ament_cmake_ros: 0.10.0 (/opt/ros/humble/share/ament_cmake_ros/cmake)
[2.869s] -- Using all available rosidl_typesupport_c: rosidl_typesupport_fastrtps_c;rosidl_typesupport_introspection_c
[3.772s] -- Using all available rosidl_typesupport_cpp: rosidl_typesupport_fastrtps_cpp;rosidl_typesupport_introspection_cpp
[3.846s] -- Found PythonInterp: /usr/bin/python3 (found suitable version "3.10.6", minimum required is "3.6") 
[3.860s] -- Found python_cmake_module: 0.10.0 (/opt/ros/humble/share/python_cmake_module/cmake)
[3.957s] -- Found PythonLibs: /usr/lib/aarch64-linux-gnu/libpython3.10.so (found suitable version "3.10.6", minimum required is "3.5") 
[3.958s] -- Using PYTHON_EXECUTABLE: /usr/bin/python3
[3.958s] -- Using PYTHON_INCLUDE_DIRS: /usr/include/python3.10
[3.959s] -- Using PYTHON_LIBRARIES: /usr/lib/aarch64-linux-gnu/libpython3.10.so
[4.034s] -- Found PythonExtra: .so  
[4.165s] -- Found ament_lint_auto: 0.12.6 (/opt/ros/humble/share/ament_lint_auto/cmake)
[4.290s] -- Added test 'copyright' to check source files copyright and LICENSE
[4.302s] -- Added test 'lint_cmake' to check CMake code style
[4.308s] -- Added test 'xmllint' to check XML markup files
[4.322s] -- Configuring done
[4.443s] -- Generating done
[4.452s] -- Build files have been written to: /ros2_ws/build/interfaces
[4.473s] Invoked command in '/ros2_ws/build/interfaces' returned '0': CMAKE_PREFIX_PATH=/ros2_ws/install/tracking_sub:/opt/ros/humble /usr/bin/cmake /ros2_ws/src/interfaces -DCMAKE_INSTALL_PREFIX=/ros2_ws/install/interfaces
[4.481s] Invoking command in '/ros2_ws/build/interfaces': CMAKE_PREFIX_PATH=/ros2_ws/install/tracking_sub:/opt/ros/humble /usr/bin/cmake --build /ros2_ws/build/interfaces -- -j4 -l4
[4.626s] [  3%] [34m[1mGenerating C code for ROS interfaces[0m
[4.664s] [  6%] [34m[1mGenerating C++ code for ROS interfaces[0m
[4.688s] [  6%] Built target ament_cmake_python_copy_interfaces
[5.740s] running egg_info
[5.743s] creating interfaces.egg-info
[5.746s] writing interfaces.egg-info/PKG-INFO
[5.746s] writing dependency_links to interfaces.egg-info/dependency_links.txt
[5.746s] writing top-level names to interfaces.egg-info/top_level.txt
[5.747s] writing manifest file 'interfaces.egg-info/SOURCES.txt'
[5.753s] reading manifest file 'interfaces.egg-info/SOURCES.txt'
[5.756s] writing manifest file 'interfaces.egg-info/SOURCES.txt'
[5.892s] [  6%] Built target ament_cmake_python_build_interfaces_egg
[6.268s] [  6%] Built target interfaces__cpp
[6.303s] [  9%] [34m[1mGenerating C++ type support dispatch for ROS interfaces[0m
[6.304s] [ 12%] [34m[1mGenerating C++ type support for eProsima Fast-RTPS[0m
[6.306s] [ 16%] [34m[1mGenerating C++ introspection for ROS interfaces[0m
[6.525s] [ 19%] [32mBuilding C object CMakeFiles/interfaces__rosidl_generator_c.dir/rosidl_generator_c/interfaces/srv/detail/tracking_data__functions.c.o[0m
[6.642s] In file included from [01m[K/ros2_ws/build/interfaces/rosidl_generator_c/interfaces/srv/detail/tracking_data__functions.h:19[m[K,
[6.645s]                  from [01m[K/ros2_ws/build/interfaces/rosidl_generator_c/interfaces/srv/detail/tracking_data__functions.c:4[m[K:
[6.645s] [01m[K/ros2_ws/build/interfaces/rosidl_generator_c/interfaces/srv/detail/tracking_data__struct.h:22:10:[m[K [01;31m[Kfatal error: [m[Kinterfaces/msg/detail/string__struct.h: No such file or directory
[6.646s]    22 | #include [01;31m[K"interfaces/msg/detail/string__struct.h"[m[K
[6.646s]       |          [01;31m[K^~~~~~~~~~~~~~~~~~~~~~~~~~~~~~~~~~~~~~~~[m[K
[6.647s] compilation terminated.
[6.649s] gmake[2]: *** [CMakeFiles/interfaces__rosidl_generator_c.dir/build.make:105: CMakeFiles/interfaces__rosidl_generator_c.dir/rosidl_generator_c/interfaces/srv/detail/tracking_data__functions.c.o] Error 1
[6.650s] gmake[1]: *** [CMakeFiles/Makefile2:213: CMakeFiles/interfaces__rosidl_generator_c.dir/all] Error 2
[6.650s] gmake[1]: *** Waiting for unfinished jobs....
[7.596s] [ 22%] [32mBuilding CXX object CMakeFiles/interfaces__rosidl_typesupport_cpp.dir/rosidl_typesupport_cpp/interfaces/srv/tracking_data__type_support.cpp.o[0m
[7.727s] [ 25%] [32mBuilding CXX object CMakeFiles/interfaces__rosidl_typesupport_introspection_cpp.dir/rosidl_typesupport_introspection_cpp/interfaces/srv/detail/tracking_data__type_support.cpp.o[0m
[7.778s] [ 29%] [32mBuilding CXX object CMakeFiles/interfaces__rosidl_typesupport_fastrtps_cpp.dir/rosidl_typesupport_fastrtps_cpp/interfaces/srv/detail/dds_fastrtps/tracking_data__type_support.cpp.o[0m
[7.901s] In file included from [01m[K/ros2_ws/build/interfaces/rosidl_typesupport_cpp/interfaces/srv/tracking_data__type_support.cpp:7[m[K:
[7.901s] [01m[K/ros2_ws/build/interfaces/rosidl_generator_cpp/interfaces/srv/detail/tracking_data__struct.hpp:20:10:[m[K [01;31m[Kfatal error: [m[Kinterfaces/msg/detail/string__struct.hpp: No such file or directory
[7.902s]    20 | #include [01;31m[K"interfaces/msg/detail/string__struct.hpp"[m[K
[7.902s]       |          [01;31m[K^~~~~~~~~~~~~~~~~~~~~~~~~~~~~~~~~~~~~~~~~~[m[K
[7.903s] compilation terminated.
[7.908s] gmake[2]: *** [CMakeFiles/interfaces__rosidl_typesupport_cpp.dir/build.make:86: CMakeFiles/interfaces__rosidl_typesupport_cpp.dir/rosidl_typesupport_cpp/interfaces/srv/tracking_data__type_support.cpp.o] Error 1
[7.909s] gmake[1]: *** [CMakeFiles/Makefile2:395: CMakeFiles/interfaces__rosidl_typesupport_cpp.dir/all] Error 2
[7.993s] In file included from [01m[K/ros2_ws/build/interfaces/rosidl_typesupport_introspection_cpp/interfaces/srv/detail/tracking_data__type_support.cpp:12[m[K:
[7.993s] [01m[K/ros2_ws/build/interfaces/rosidl_generator_cpp/interfaces/srv/detail/tracking_data__struct.hpp:20:10:[m[K [01;31m[Kfatal error: [m[Kinterfaces/msg/detail/string__struct.hpp: No such file or directory
[7.994s]    20 | #include [01;31m[K"interfaces/msg/detail/string__struct.hpp"[m[K
[7.995s]       |          [01;31m[K^~~~~~~~~~~~~~~~~~~~~~~~~~~~~~~~~~~~~~~~~~[m[K
[7.996s] compilation terminated.
[7.999s] gmake[2]: *** [CMakeFiles/interfaces__rosidl_typesupport_introspection_cpp.dir/build.make:91: CMakeFiles/interfaces__rosidl_typesupport_introspection_cpp.dir/rosidl_typesupport_introspection_cpp/interfaces/srv/detail/tracking_data__type_support.cpp.o] Error 1
[7.999s] gmake[1]: *** [CMakeFiles/Makefile2:369: CMakeFiles/interfaces__rosidl_typesupport_introspection_cpp.dir/all] Error 2
[8.044s] In file included from [01m[K/ros2_ws/build/interfaces/rosidl_typesupport_fastrtps_cpp/interfaces/srv/detail/tracking_data__rosidl_typesupport_fastrtps_cpp.hpp:11[m[K,
[8.044s]                  from [01m[K/ros2_ws/build/interfaces/rosidl_typesupport_fastrtps_cpp/interfaces/srv/detail/dds_fastrtps/tracking_data__type_support.cpp:4[m[K:
[8.045s] [01m[K/ros2_ws/build/interfaces/rosidl_generator_cpp/interfaces/srv/detail/tracking_data__struct.hpp:20:10:[m[K [01;31m[Kfatal error: [m[Kinterfaces/msg/detail/string__struct.hpp: No such file or directory
[8.045s]    20 | #include [01;31m[K"interfaces/msg/detail/string__struct.hpp"[m[K
[8.045s]       |          [01;31m[K^~~~~~~~~~~~~~~~~~~~~~~~~~~~~~~~~~~~~~~~~~[m[K
[8.046s] compilation terminated.
[8.052s] gmake[2]: *** [CMakeFiles/interfaces__rosidl_typesupport_fastrtps_cpp.dir/build.make:91: CMakeFiles/interfaces__rosidl_typesupport_fastrtps_cpp.dir/rosidl_typesupport_fastrtps_cpp/interfaces/srv/detail/dds_fastrtps/tracking_data__type_support.cpp.o] Error 1
[8.053s] gmake[1]: *** [CMakeFiles/Makefile2:343: CMakeFiles/interfaces__rosidl_typesupport_fastrtps_cpp.dir/all] Error 2
[8.053s] gmake: *** [Makefile:146: all] Error 2
[8.060s] Invoked command in '/ros2_ws/build/interfaces' returned '2': CMAKE_PREFIX_PATH=/ros2_ws/install/tracking_sub:/opt/ros/humble /usr/bin/cmake --build /ros2_ws/build/interfaces -- -j4 -l4
